Using pre-set license
Built from '2022.3/staging' branch; Version is '2022.3.54f1 (129125d4e700) revision 1216805'; Using compiler version '192829333'; Build Type 'Release'
OS: 'Windows 11  (10.0.22631) 64bit CoreSingleLanguage' Language: 'es' Physical Memory: 10153 MB
BatchMode: 1, IsHumanControllingUs: 0, StartBugReporterOnCrash: 0, Is64bit: 1, IsPro: 1

COMMAND LINE ARGUMENTS:
D:\Program Files\Unity\Hub\Editor\2022.3.54f1\Editor\Unity.exe
-adb2
-batchMode
-noUpm
-name
AssetImportWorker20
-projectPath
D:/emilio/uni/codigosGit/ProyectoIngenieria/ProyectoFinal
-logFile
Logs/AssetImportWorker20.log
-srvPort
51308
Successfully changed project path to: D:/emilio/uni/codigosGit/ProyectoIngenieria/ProyectoFinal
D:/emilio/uni/codigosGit/ProyectoIngenieria/ProyectoFinal
[UnityMemory] Configuration Parameters - Can be set up in boot.config
    "memorysetup-bucket-allocator-granularity=16"
    "memorysetup-bucket-allocator-bucket-count=8"
    "memorysetup-bucket-allocator-block-size=33554432"
    "memorysetup-bucket-allocator-block-count=8"
    "memorysetup-main-allocator-block-size=16777216"
    "memorysetup-thread-allocator-block-size=16777216"
    "memorysetup-gfx-main-allocator-block-size=16777216"
    "memorysetup-gfx-thread-allocator-block-size=16777216"
    "memorysetup-cache-allocator-block-size=4194304"
    "memorysetup-typetree-allocator-block-size=2097152"
    "memorysetup-profiler-bucket-allocator-granularity=16"
    "memorysetup-profiler-bucket-allocator-bucket-count=8"
    "memorysetup-profiler-bucket-allocator-block-size=33554432"
    "memorysetup-profiler-bucket-allocator-block-count=8"
    "memorysetup-profiler-allocator-block-size=16777216"
    "memorysetup-profiler-editor-allocator-block-size=1048576"
    "memorysetup-temp-allocator-size-main=16777216"
    "memorysetup-job-temp-allocator-block-size=2097152"
    "memorysetup-job-temp-allocator-block-size-background=1048576"
    "memorysetup-job-temp-allocator-reduction-small-platforms=262144"
    "memorysetup-allocator-temp-initial-block-size-main=262144"
    "memorysetup-allocator-temp-initial-block-size-worker=262144"
    "memorysetup-temp-allocator-size-background-worker=32768"
    "memorysetup-temp-allocator-size-job-worker=262144"
    "memorysetup-temp-allocator-size-preload-manager=33554432"
    "memorysetup-temp-allocator-size-nav-mesh-worker=65536"
    "memorysetup-temp-allocator-size-audio-worker=65536"
    "memorysetup-temp-allocator-size-cloud-worker=32768"
    "memorysetup-temp-allocator-size-gi-baking-worker=262144"
    "memorysetup-temp-allocator-size-gfx=262144"
Player connection [12604]  Target information:

Player connection [12604]  * "[IP] 192.168.0.215 [Port] 0 [Flags] 2 [Guid] 2517644424 [EditorId] 2517644424 [Version] 1048832 [Id] WindowsEditor(7,LAPTOP-1JLFIKG6) [Debug] 1 [PackageName] WindowsEditor [ProjectName] Editor" 

Player connection [12604] Host joined multi-casting on [225.0.0.222:54997]...
Player connection [12604] Host joined alternative multi-casting on [225.0.0.222:34997]...
[PhysX] Initialized MultithreadedTaskDispatcher with 4 workers.
Refreshing native plugins compatible for Editor in 41.15 ms, found 3 plugins.
Preloading 0 native plugins for Editor in 0.00 ms.
Initialize engine version: 2022.3.54f1 (129125d4e700)
[Subsystems] Discovering subsystems at path D:/Program Files/Unity/Hub/Editor/2022.3.54f1/Editor/Data/Resources/UnitySubsystems
[Subsystems] Discovering subsystems at path D:/emilio/uni/codigosGit/ProyectoIngenieria/ProyectoFinal/Assets
GfxDevice: creating device client; threaded=0; jobified=0
Direct3D:
    Version:  Direct3D 11.0 [level 11.1]
    Renderer: AMD Radeon(TM) Vega 6 Graphics (ID=0x15d8)
    Vendor:   ATI
    VRAM:     5076 MB
    Driver:   26.20.11028.0
Initialize mono
Mono path[0] = 'D:/Program Files/Unity/Hub/Editor/2022.3.54f1/Editor/Data/Managed'
Mono path[1] = 'D:/Program Files/Unity/Hub/Editor/2022.3.54f1/Editor/Data/MonoBleedingEdge/lib/mono/unityjit-win32'
Mono config path = 'D:/Program Files/Unity/Hub/Editor/2022.3.54f1/Editor/Data/MonoBleedingEdge/etc'
Using monoOptions --debugger-agent=transport=dt_socket,embedding=1,server=y,suspend=n,address=127.0.0.1:56456
Begin MonoManager ReloadAssembly
Registering precompiled unity dll's ...
Register platform support module: D:/Program Files/Unity/Hub/Editor/2022.3.54f1/Editor/Data/PlaybackEngines/AndroidPlayer/UnityEditor.Android.Extensions.dll
Register platform support module: D:/Program Files/Unity/Hub/Editor/2022.3.54f1/Editor/Data/PlaybackEngines/WindowsStandaloneSupport/UnityEditor.WindowsStandalone.Extensions.dll
Register platform support module: D:/Program Files/Unity/Hub/Editor/2022.3.54f1/Editor/Data/PlaybackEngines/MetroSupport/UnityEditor.UWP.Extensions.dll
Registered in 0.062112 seconds.
- Loaded All Assemblies, in  1.226 seconds
Native extension for UWP target not found
Native extension for WindowsStandalone target not found
Native extension for Android target not found
Android Extension - Scanning For ADB Devices 641 ms
Mono: successfully reloaded assembly
- Finished resetting the current domain, in  1.534 seconds
Domain Reload Profiling: 2741ms
	BeginReloadAssembly (364ms)
		ExecutionOrderSort (0ms)
		DisableScriptedObjects (0ms)
		BackupInstance (0ms)
		ReleaseScriptingObjects (0ms)
		CreateAndSetChildDomain (1ms)
	RebuildCommonClasses (86ms)
	RebuildNativeTypeToScriptingClass (25ms)
	initialDomainReloadingComplete (235ms)
	LoadAllAssembliesAndSetupDomain (496ms)
		LoadAssemblies (340ms)
		RebuildTransferFunctionScriptingTraits (0ms)
		AnalyzeDomain (475ms)
			TypeCache.Refresh (467ms)
				TypeCache.ScanAssembly (424ms)
			ScanForSourceGeneratedMonoScriptInfo (6ms)
			ResolveRequiredComponents (1ms)
	FinalizeReload (1534ms)
		ReleaseScriptCaches (0ms)
		RebuildScriptCaches (0ms)
		SetupLoadedEditorAssemblies (1403ms)
			LogAssemblyErrors (0ms)
			InitializePlatformSupportModulesInManaged (938ms)
			SetLoadedEditorAssemblies (7ms)
			RefreshPlugins (0ms)
			BeforeProcessingInitializeOnLoad (8ms)
			ProcessInitializeOnLoadAttributes (334ms)
			ProcessInitializeOnLoadMethodAttributes (116ms)
			AfterProcessingInitializeOnLoad (0ms)
			EditorAssembliesLoaded (0ms)
		ExecutionOrderSort2 (0ms)
		AwakeInstancesAfterBackupRestoration (0ms)
========================================================================
Worker process is ready to serve import requests
Caller must complete domain reload
Begin MonoManager ReloadAssembly
- Loaded All Assemblies, in  2.643 seconds
Native extension for UWP target not found
Native extension for WindowsStandalone target not found
Native extension for Android target not found
Mono: successfully reloaded assembly
- Finished resetting the current domain, in  2.446 seconds
Domain Reload Profiling: 5057ms
	BeginReloadAssembly (551ms)
		ExecutionOrderSort (0ms)
		DisableScriptedObjects (12ms)
		BackupInstance (0ms)
		ReleaseScriptingObjects (0ms)
		CreateAndSetChildDomain (53ms)
	RebuildCommonClasses (115ms)
	RebuildNativeTypeToScriptingClass (28ms)
	initialDomainReloadingComplete (190ms)
	LoadAllAssembliesAndSetupDomain (1727ms)
		LoadAssemblies (1445ms)
		RebuildTransferFunctionScriptingTraits (0ms)
		AnalyzeDomain (619ms)
			TypeCache.Refresh (566ms)
				TypeCache.ScanAssembly (526ms)
			ScanForSourceGeneratedMonoScriptInfo (39ms)
			ResolveRequiredComponents (12ms)
	FinalizeReload (2447ms)
		ReleaseScriptCaches (0ms)
		RebuildScriptCaches (0ms)
		SetupLoadedEditorAssemblies (2023ms)
			LogAssemblyErrors (0ms)
			InitializePlatformSupportModulesInManaged (113ms)
			SetLoadedEditorAssemblies (7ms)
			RefreshPlugins (0ms)
			BeforeProcessingInitializeOnLoad (203ms)
			ProcessInitializeOnLoadAttributes (1559ms)
			ProcessInitializeOnLoadMethodAttributes (77ms)
			AfterProcessingInitializeOnLoad (65ms)
			EditorAssembliesLoaded (0ms)
		ExecutionOrderSort2 (0ms)
		AwakeInstancesAfterBackupRestoration (18ms)
Launched and connected shader compiler UnityShaderCompiler.exe after 0.15 seconds
Refreshing native plugins compatible for Editor in 28.93 ms, found 3 plugins.
Preloading 0 native plugins for Editor in 0.00 ms.
Unloading 3179 Unused Serialized files (Serialized files now loaded: 0)
Unloading 19 unused Assets / (55.9 KB). Loaded Objects now: 3670.
Memory consumption went from 167.9 MB to 167.8 MB.
Total: 4.768300 ms (FindLiveObjects: 0.386800 ms CreateObjectMapping: 0.130200 ms MarkObjects: 4.070000 ms  DeleteObjects: 0.179400 ms)

AssetImportParameters requested are different than current active one (requested -> active):
  custom:container-demuxer-ogg: 62fdf1f143b41e24485cea50d1cbac27 -> 
  custom:video-decoder-ogg-theora: a1e56fd34408186e4bbccfd4996cb3dc -> 
  custom:framework-win-MediaFoundation: 216162199b28c13a410421893ffa2e32 -> 
  custom:CustomObjectIndexerAttribute: 9a22284fe3817be447336de3de66b15e -> 
  custom:container-demuxer-webm: 4f35f7cbe854078d1ac9338744f61a02 -> 
  custom:container-muxer-webm: aa71ff27fc2769a1b78a27578f13a17b -> 
  custom:video-decoder-webm-vp8: 9c59270c3fd7afecdb556c50c9e8de78 -> 
  custom:SearchIndexIgnoredProperties: e643bd26f0fe6173181afceb89e7c659 -> 
  custom:AudioImporter_EditorPlatform: d09bf68614088b80899f8185d706f6e7 -> 
  custom:video-encoder-webm-vp8: eb34c28f22e8b96e1ab97ce403110664 -> 
  custom:audio-decoder-ogg-vorbis: bf7c407c2cedff20999df2af8eb42d56 -> 
  custom:audio-encoder-webm-vorbis: bf7c407c2cedff20999df2af8eb42d56 -> 
========================================================================
Received Import Request.
  Time since last request: 16066.199999 seconds.
  path: Assets/Images/Señales2.png
  artifactKey: Guid(b03343e7af7dabb49a47ab4de53dd8d2) Importer(815301076,1909f56bfc062723c751e8b465ee728b)
Start importing Assets/Images/Señales2.png using Guid(b03343e7af7dabb49a47ab4de53dd8d2) Importer(815301076,1909f56bfc062723c751e8b465ee728b) [PhysX] Initialized MultithreadedTaskDispatcher with 4 workers.
[PhysX] Initialized MultithreadedTaskDispatcher with 4 workers.
 -> (artifact id: '5a4a537f241416edebfc1ed213adff12') in 0.265108 seconds
Number of updated asset objects reloaded before import = 0
Number of asset objects unloaded after import = 2
========================================================================
Received Import Request.
  Time since last request: 245.417923 seconds.
  path: Assets/TrafficsignsTexturesLowResolution/Textures/schild_diverse_02.png
  artifactKey: Guid(ec1d42590350a35489eb52bf51f7e456) Importer(815301076,1909f56bfc062723c751e8b465ee728b)
Start importing Assets/TrafficsignsTexturesLowResolution/Textures/schild_diverse_02.png using Guid(ec1d42590350a35489eb52bf51f7e456) Importer(815301076,1909f56bfc062723c751e8b465ee728b) [PhysX] Initialized MultithreadedTaskDispatcher with 4 workers.
[PhysX] Initialized MultithreadedTaskDispatcher with 4 workers.
 -> (artifact id: '1f1de0dba06fe0b996484ea2000fda3b') in 0.029909 seconds
Number of updated asset objects reloaded before import = 0
Number of asset objects unloaded after import = 2
========================================================================
Received Import Request.
  Time since last request: 0.009471 seconds.
  path: Assets/TrafficsignsTexturesLowResolution/Textures/schild_diverse_04.png
  artifactKey: Guid(3f9243c6826d12a41adf09e271e6676e) Importer(815301076,1909f56bfc062723c751e8b465ee728b)
Start importing Assets/TrafficsignsTexturesLowResolution/Textures/schild_diverse_04.png using Guid(3f9243c6826d12a41adf09e271e6676e) Importer(815301076,1909f56bfc062723c751e8b465ee728b) [PhysX] Initialized MultithreadedTaskDispatcher with 4 workers.
[PhysX] Initialized MultithreadedTaskDispatcher with 4 workers.
 -> (artifact id: '8f5be27e70c5326fedbfc12c6ce2c0f3') in 0.048738 seconds
Number of updated asset objects reloaded before import = 0
Number of asset objects unloaded after import = 2
========================================================================
Received Import Request.
  Time since last request: 0.000648 seconds.
  path: Assets/TrafficsignsTexturesLowResolution/Textures/schild_diverse_07.png
  artifactKey: Guid(c2bf18bf176cd61449417f24b8e79dc0) Importer(815301076,1909f56bfc062723c751e8b465ee728b)
Start importing Assets/TrafficsignsTexturesLowResolution/Textures/schild_diverse_07.png using Guid(c2bf18bf176cd61449417f24b8e79dc0) Importer(815301076,1909f56bfc062723c751e8b465ee728b) [PhysX] Initialized MultithreadedTaskDispatcher with 4 workers.
[PhysX] Initialized MultithreadedTaskDispatcher with 4 workers.
 -> (artifact id: 'f95bcadf4a373d83dbdefd15a1c94f65') in 0.028285 seconds
Number of updated asset objects reloaded before import = 0
Number of asset objects unloaded after import = 2
========================================================================
Received Import Request.
  Time since last request: 0.000073 seconds.
  path: Assets/TrafficsignsTexturesLowResolution/Textures/schild_diverse_10.png
  artifactKey: Guid(147023835f23eff4e8a62c4f1b03b341) Importer(815301076,1909f56bfc062723c751e8b465ee728b)
Start importing Assets/TrafficsignsTexturesLowResolution/Textures/schild_diverse_10.png using Guid(147023835f23eff4e8a62c4f1b03b341) Importer(815301076,1909f56bfc062723c751e8b465ee728b) [PhysX] Initialized MultithreadedTaskDispatcher with 4 workers.
[PhysX] Initialized MultithreadedTaskDispatcher with 4 workers.
 -> (artifact id: 'c4e9d97140e8df9a380d281b722c9ff3') in 0.028712 seconds
Number of updated asset objects reloaded before import = 0
Number of asset objects unloaded after import = 2
========================================================================
Received Import Request.
  Time since last request: 0.000049 seconds.
  path: Assets/TrafficsignsTexturesLowResolution/Textures/schild_sackgasse_01.png
  artifactKey: Guid(2b3c4d6b1c0ed534a8b3b46be1981817) Importer(815301076,1909f56bfc062723c751e8b465ee728b)
Start importing Assets/TrafficsignsTexturesLowResolution/Textures/schild_sackgasse_01.png using Guid(2b3c4d6b1c0ed534a8b3b46be1981817) Importer(815301076,1909f56bfc062723c751e8b465ee728b) [PhysX] Initialized MultithreadedTaskDispatcher with 4 workers.
[PhysX] Initialized MultithreadedTaskDispatcher with 4 workers.
 -> (artifact id: 'af830ca379f8243322a140263a8d70b1') in 0.017914 seconds
Number of updated asset objects reloaded before import = 0
Number of asset objects unloaded after import = 2
========================================================================
Received Import Request.
  Time since last request: 0.000035 seconds.
  path: Assets/TrafficsignsTexturesLowResolution/Textures/schild_sackgasse_02.png
  artifactKey: Guid(2d7695dce07441a4e972d59d75bf77f8) Importer(815301076,1909f56bfc062723c751e8b465ee728b)
Start importing Assets/TrafficsignsTexturesLowResolution/Textures/schild_sackgasse_02.png using Guid(2d7695dce07441a4e972d59d75bf77f8) Importer(815301076,1909f56bfc062723c751e8b465ee728b) [PhysX] Initialized MultithreadedTaskDispatcher with 4 workers.
[PhysX] Initialized MultithreadedTaskDispatcher with 4 workers.
 -> (artifact id: 'd5dccb96e149eda70fd572f14772a2e4') in 0.019524 seconds
Number of updated asset objects reloaded before import = 0
Number of asset objects unloaded after import = 2
========================================================================
Received Import Request.
  Time since last request: 0.000049 seconds.
  path: Assets/TrafficsignsTexturesLowResolution/Textures/schild_spielstrasse_02.png
  artifactKey: Guid(6334818eeebb888429c68be9f9e4f819) Importer(815301076,1909f56bfc062723c751e8b465ee728b)
Start importing Assets/TrafficsignsTexturesLowResolution/Textures/schild_spielstrasse_02.png using Guid(6334818eeebb888429c68be9f9e4f819) Importer(815301076,1909f56bfc062723c751e8b465ee728b) [PhysX] Initialized MultithreadedTaskDispatcher with 4 workers.
[PhysX] Initialized MultithreadedTaskDispatcher with 4 workers.
 -> (artifact id: '3f10ed5ea0a3b1e27c234236672b9c5d') in 0.121946 seconds
Number of updated asset objects reloaded before import = 0
Number of asset objects unloaded after import = 2
========================================================================
Received Import Request.
  Time since last request: 0.000051 seconds.
  path: Assets/TrafficsignsTexturesLowResolution/Textures/schild_diverse_13.png
  artifactKey: Guid(9cc8706e40c59e24989c09157284e2f0) Importer(815301076,1909f56bfc062723c751e8b465ee728b)
Start importing Assets/TrafficsignsTexturesLowResolution/Textures/schild_diverse_13.png using Guid(9cc8706e40c59e24989c09157284e2f0) Importer(815301076,1909f56bfc062723c751e8b465ee728b) [PhysX] Initialized MultithreadedTaskDispatcher with 4 workers.
[PhysX] Initialized MultithreadedTaskDispatcher with 4 workers.
 -> (artifact id: 'a81a23b32e18efad108dd62533d11e52') in 0.055016 seconds
Number of updated asset objects reloaded before import = 0
Number of asset objects unloaded after import = 2
========================================================================
Received Import Request.
  Time since last request: 0.000276 seconds.
  path: Assets/TrafficsignsTexturesLowResolution/Textures/schild_diverse_12.png
  artifactKey: Guid(db2fe5e14df3ba848b7abe3a73adbf1a) Importer(815301076,1909f56bfc062723c751e8b465ee728b)
Start importing Assets/TrafficsignsTexturesLowResolution/Textures/schild_diverse_12.png using Guid(db2fe5e14df3ba848b7abe3a73adbf1a) Importer(815301076,1909f56bfc062723c751e8b465ee728b) [PhysX] Initialized MultithreadedTaskDispatcher with 4 workers.
[PhysX] Initialized MultithreadedTaskDispatcher with 4 workers.
 -> (artifact id: '65d39477cc7f85205386735329f59383') in 0.075929 seconds
Number of updated asset objects reloaded before import = 0
Number of asset objects unloaded after import = 2
========================================================================
Received Import Request.
  Time since last request: 0.000026 seconds.
  path: Assets/TrafficsignsTexturesLowResolution/Textures/schild_einbahnstrasse_01.png
  artifactKey: Guid(34296d3d9750c064989a60028088609d) Importer(815301076,1909f56bfc062723c751e8b465ee728b)
Start importing Assets/TrafficsignsTexturesLowResolution/Textures/schild_einbahnstrasse_01.png using Guid(34296d3d9750c064989a60028088609d) Importer(815301076,1909f56bfc062723c751e8b465ee728b) [PhysX] Initialized MultithreadedTaskDispatcher with 4 workers.
[PhysX] Initialized MultithreadedTaskDispatcher with 4 workers.
 -> (artifact id: '6f36eab86853914214fb19f5d37ed758') in 0.023058 seconds
Number of updated asset objects reloaded before import = 0
Number of asset objects unloaded after import = 2
========================================================================
Received Import Request.
  Time since last request: 0.000593 seconds.
  path: Assets/TrafficsignsTexturesLowResolution/Textures/schild_sackgasse_01a.png
  artifactKey: Guid(b87adc3de6c06ad4586255032dea1abc) Importer(815301076,1909f56bfc062723c751e8b465ee728b)
Start importing Assets/TrafficsignsTexturesLowResolution/Textures/schild_sackgasse_01a.png using Guid(b87adc3de6c06ad4586255032dea1abc) Importer(815301076,1909f56bfc062723c751e8b465ee728b) [PhysX] Initialized MultithreadedTaskDispatcher with 4 workers.
[PhysX] Initialized MultithreadedTaskDispatcher with 4 workers.
 -> (artifact id: '4c2844af318ae3bf0f0325fb1df7d520') in 0.015099 seconds
Number of updated asset objects reloaded before import = 0
Number of asset objects unloaded after import = 2
========================================================================
Received Import Request.
  Time since last request: 0.000035 seconds.
  path: Assets/TrafficsignsTexturesLowResolution/Textures/schild_einbahnstrasse_02.png
  artifactKey: Guid(c77c63238cc84724c97a0ab5461ff2f8) Importer(815301076,1909f56bfc062723c751e8b465ee728b)
Start importing Assets/TrafficsignsTexturesLowResolution/Textures/schild_einbahnstrasse_02.png using Guid(c77c63238cc84724c97a0ab5461ff2f8) Importer(815301076,1909f56bfc062723c751e8b465ee728b) [PhysX] Initialized MultithreadedTaskDispatcher with 4 workers.
[PhysX] Initialized MultithreadedTaskDispatcher with 4 workers.
 -> (artifact id: 'a0bdfe2565710f3b4b6c9f3f3a50e290') in 0.038014 seconds
Number of updated asset objects reloaded before import = 0
Number of asset objects unloaded after import = 2
========================================================================
Received Import Request.
  Time since last request: 0.000036 seconds.
  path: Assets/TrafficsignsTexturesLowResolution/Textures/schild_diverse_08.png
  artifactKey: Guid(f686f425ce153084193ed46375d6db5e) Importer(815301076,1909f56bfc062723c751e8b465ee728b)
Start importing Assets/TrafficsignsTexturesLowResolution/Textures/schild_diverse_08.png using Guid(f686f425ce153084193ed46375d6db5e) Importer(815301076,1909f56bfc062723c751e8b465ee728b) [PhysX] Initialized MultithreadedTaskDispatcher with 4 workers.
[PhysX] Initialized MultithreadedTaskDispatcher with 4 workers.
 -> (artifact id: '0546fa35383fd84093ebe2f17b86cc8f') in 0.019906 seconds
Number of updated asset objects reloaded before import = 0
Number of asset objects unloaded after import = 2
========================================================================
Received Import Request.
  Time since last request: 0.000033 seconds.
  path: Assets/TrafficsignsTexturesLowResolution/Textures/schild_wildwechsel_01.png
  artifactKey: Guid(144762e9f2132644f87274e9de910fd5) Importer(815301076,1909f56bfc062723c751e8b465ee728b)
Start importing Assets/TrafficsignsTexturesLowResolution/Textures/schild_wildwechsel_01.png using Guid(144762e9f2132644f87274e9de910fd5) Importer(815301076,1909f56bfc062723c751e8b465ee728b) [PhysX] Initialized MultithreadedTaskDispatcher with 4 workers.
[PhysX] Initialized MultithreadedTaskDispatcher with 4 workers.
 -> (artifact id: 'c0bc6153199e58833a38b130261b31ad') in 0.045752 seconds
Number of updated asset objects reloaded before import = 0
Number of asset objects unloaded after import = 2
Editor requested this worker to shutdown with reason: Scaling down because of idle timeout
TcpMessagingSession - receive error: operation aborted. errorcode: 995, details: La operación de E/S se anuló por una salida de subproceso o por una solicitud de aplicación.
AssetImportWorker is now disconnected from the server
Process exiting
Exiting without the bug reporter. Application will terminate with return code 0